<?xml version='1.0' encoding='UTF-8'?>
<testsuite hostname="KafuHamadanoMacBook-puro.local" name="RSA.RsaSpec" tests="51" errors="0" failures="0" skipped="0" time="4.098" timestamp="2019-03-06T18:42:35">
                     <properties>
[...]
</properties>
                     <testcase classname="RSA.RsaSpec" name="All String must be digit, so Decimal(aiu) should be error" time="0.008">
                                                 
                                               </testcase><testcase classname="RSA.RsaSpec" name="All String must be digit, so Decimal(-123) should be error" time="0.0">
                                                 
                                               </testcase><testcase classname="RSA.RsaSpec" name="Decimal(+123) &gt; Decimal(+123) == false" time="0.003">
                                                 
                                               </testcase><testcase classname="RSA.RsaSpec" name="Decimal(+) &gt; Decimal(+123) == false" time="0.0">
                                                 
                                               </testcase><testcase classname="RSA.RsaSpec" name="Decimal(+) &gt; Decimal(-) == false" time="0.0">
                                                 
                                               </testcase><testcase classname="RSA.RsaSpec" name="Decimal(+1) &gt; Decimal(-) == true" time="0.0">
                                                 
                                               </testcase><testcase classname="RSA.RsaSpec" name="-(-+123) must be not same instance to +123" time="0.001">
                                                 
                                               </testcase><testcase classname="RSA.RsaSpec" name="-(-+) must be not same instance to +" time="0.0">
                                                 
                                               </testcase><testcase classname="RSA.RsaSpec" name="test: (+) -&gt; 
	 +123 +1234 == +1357" time="0.0">
                                                 
                                               </testcase><testcase classname="RSA.RsaSpec" name="test: (+) -&gt; 
	 +999 +9999 == +10998" time="0.0">
                                                 
                                               </testcase><testcase classname="RSA.RsaSpec" name="test: (+) -&gt; 
	 +998 +9999 == +10997" time="0.0">
                                                 
                                               </testcase><testcase classname="RSA.RsaSpec" name="test: (+) -&gt; 
	 -998 -9999 == -10997" time="0.0">
                                                 
                                               </testcase><testcase classname="RSA.RsaSpec" name="test: (+) -&gt; 
	 +998 -9999 == -9001" time="0.0">
                                                 
                                               </testcase><testcase classname="RSA.RsaSpec" name="test: (+) -&gt; 
	 -998 +9999 == +9001" time="0.001">
                                                 
                                               </testcase><testcase classname="RSA.RsaSpec" name="test: (+) -&gt; 
	 +9999 +1 == +10000" time="0.0">
                                                 
                                               </testcase><testcase classname="RSA.RsaSpec" name="test: (-) -&gt; 
	 +123 - +1234 == -1111" time="0.001">
                                                 
                                               </testcase><testcase classname="RSA.RsaSpec" name="test: (-) -&gt; 
	 +999 - +9999 == -9000" time="0.0">
                                                 
                                               </testcase><testcase classname="RSA.RsaSpec" name="test: (-) -&gt; 
	 +998 - +9999 == -9001" time="0.0">
                                                 
                                               </testcase><testcase classname="RSA.RsaSpec" name="test: (-) -&gt; 
	 -998 - -9999 == +9001" time="0.001">
                                                 
                                               </testcase><testcase classname="RSA.RsaSpec" name="test: (-) -&gt; 
	 +998 - -9999 == +10997" time="0.0">
                                                 
                                               </testcase><testcase classname="RSA.RsaSpec" name="test: (-) -&gt; 
	 -998 - +9999 == -10997" time="0.0">
                                                 
                                               </testcase><testcase classname="RSA.RsaSpec" name="test: (-) -&gt; 
	 +100000 - +1 == +99999" time="0.001">
                                                 
                                               </testcase><testcase classname="RSA.RsaSpec" name="test: (-) -&gt; 
	 +7015598 - +1704 == +7013894" time="0.0">
                                                 
                                               </testcase><testcase classname="RSA.RsaSpec" name="test: (-) -&gt; 
	 +104 - +10 == +94" time="0.0">
                                                 
                                               </testcase><testcase classname="RSA.RsaSpec" name="test: (-) -&gt; 
	 +1151 - +1057 == +94" time="0.001">
                                                 
                                               </testcase><testcase classname="RSA.RsaSpec" name="test: (-) -&gt; 
	 +1001 - +152 == +849" time="0.0">
                                                 
                                               </testcase><testcase classname="RSA.RsaSpec" name="test: (*) -&gt; 
	 +123 * +1234 == +151782" time="0.009">
                                                 
                                               </testcase><testcase classname="RSA.RsaSpec" name="test: (*) -&gt; 
	 +999 * +9999 == +9989001" time="0.006">
                                                 
                                               </testcase><testcase classname="RSA.RsaSpec" name="test: (*) -&gt; 
	 -998 * -9999 == +9979002" time="0.004">
                                                 
                                               </testcase><testcase classname="RSA.RsaSpec" name="test: (*) -&gt; 
	 +998 * -9999 == -9979002" time="0.004">
                                                 
                                               </testcase><testcase classname="RSA.RsaSpec" name="test: (*) -&gt; 
	 -998 * +9999 == -9979002" time="0.003">
                                                 
                                               </testcase><testcase classname="RSA.RsaSpec" name="test: (*) -&gt; 
	 +100000 * +1 == +100000" time="0.003">
                                                 
                                               </testcase><testcase classname="RSA.RsaSpec" name="test: (*) -&gt; 
	 +10000 * + == +" time="0.004">
                                                 
                                               </testcase><testcase classname="RSA.RsaSpec" name="test: (%) -&gt; 
	 +123 % +1234 == (+,+123)" time="0.0">
                                                 
                                               </testcase><testcase classname="RSA.RsaSpec" name="test: (%) -&gt; 
	 +123 % +123 == (+1,+)" time="0.014">
                                                 
                                               </testcase><testcase classname="RSA.RsaSpec" name="test: (%) -&gt; 
	 +152151 % +151 == (+1007,+94)" time="0.05">
                                                 
                                               </testcase><testcase classname="RSA.RsaSpec" name="test: (%) -&gt; 
	 +75017510581 % +195871 == (+382994,+92807)" time="0.204">
                                                 
                                               </testcase><testcase classname="RSA.RsaSpec" name="test: (%) -&gt; 
	 +10099 % +7 == (+1442,+5)" time="0.082">
                                                 
                                               </testcase><testcase classname="RSA.RsaSpec" name="test: (%) -&gt; 
	 +10000 % +47 == (+212,+36)" time="0.036">
                                                 
                                               </testcase><testcase classname="RSA.RsaSpec" name="test: (%) -&gt; 
	 +10000 % +1000 == (+10,+)" time="0.017">
                                                 
                                               </testcase><testcase classname="RSA.RsaSpec" name="test: (%) -&gt; 
	 +100 % +2 == (+50,+)" time="0.023">
                                                 
                                               </testcase><testcase classname="RSA.RsaSpec" name="test: (%) -&gt; 
	 +10 % +2 == (+5,+)" time="0.021">
                                                 
                                               </testcase><testcase classname="RSA.RsaSpec" name="test: (modExp) -&gt; 
	 +3 modExp(+100)(+7) == +4" time="0.217">
                                                 
                                               </testcase><testcase classname="RSA.RsaSpec" name="test: (modExp) -&gt; 
	 +3 modExp(+10000)(+7) == +4" time="0.69">
                                                 
                                               </testcase><testcase classname="RSA.RsaSpec" name="test: (modExp) -&gt; 
	 +251 modExp(+15175)(+7259) == +6243" time="2.493">
                                                 
                                               </testcase><testcase classname="RSA.RsaSpec" name="test: (axPlusby) -&gt;
    +3 * -33 + +100 * +1 = 1" time="0.006">
                                                 
                                               </testcase><testcase classname="RSA.RsaSpec" name="test: (axPlusby) -&gt;
    +3 * -3333 + +10000 * +1 = 1" time="0.006">
                                                 
                                               </testcase><testcase classname="RSA.RsaSpec" name="test: (axPlusby) -&gt;
    +251 * +1451 + +15175 * -24 = 1" time="0.006">
                                                 
                                               </testcase><testcase classname="RSA.RsaSpec" name="test: (getPrivateKey) -&gt;
    getPrivateKey(+3, +100) &gt; 0" time="0.031">
                                                 
                                               </testcase><testcase classname="RSA.RsaSpec" name="test: (getPrivateKey) -&gt;
    getPrivateKey(+3, +10000) &gt; 0" time="0.059">
                                                 
                                               </testcase><testcase classname="RSA.RsaSpec" name="test: (getPrivateKey) -&gt;
    getPrivateKey(+251, +15175) &gt; 0" time="0.093">
                                                 
                                               </testcase>
                     <system-out><![CDATA[]]></system-out>
                     <system-err><![CDATA[]]></system-err>
                   </testsuite>